<?xml version="1.0" encoding="UTF-8"?>
<!-- Generated by org.testng.reporters.JUnitReportReporter -->
<testsuite hostname="VJ-PC" name="Pack1.ScreenShotsVJ" tests="1" failures="0" timestamp="20 Feb 2016 07:19:36 GMT" time="14.700" errors="0">
  <testcase name="screenshots" time="14.700" classname="Pack1.ScreenShotsVJ"/>
</testsuite> <!-- Pack1.ScreenShotsVJ -->
