<?xml version="1.0" encoding="UTF-8"?>
<!-- Generated by org.testng.reporters.JUnitReportReporter -->
<testsuite hostname="VJ-PC" name="Pack2.ExceptionTryCatchVJ" tests="1" failures="0" timestamp="22 Feb 2016 23:51:24 GMT" time="13.944" errors="0">
  <testcase name="exception_IFcondition" time="13.944" classname="Pack2.ExceptionTryCatchVJ"/>
</testsuite> <!-- Pack2.ExceptionTryCatchVJ -->
