<?xml version="1.0" encoding="UTF-8"?>
<!-- Generated by org.testng.reporters.JUnitReportReporter -->
<testsuite hostname="VJ-PC" name="Pack1.RediffRegistrationVJ" tests="1" failures="0" timestamp="22 Feb 2016 06:45:32 GMT" time="30.966" errors="0">
  <testcase name="rediffregistration" time="30.966" classname="Pack1.RediffRegistrationVJ"/>
</testsuite> <!-- Pack1.RediffRegistrationVJ -->
