<?xml version="1.0" encoding="UTF-8"?>
<!-- Generated by org.testng.reporters.JUnitReportReporter -->
<testsuite hostname="VJ-PC" name="Pack2.Exception_IFConditionVJ" tests="1" failures="0" timestamp="20 Feb 2016 21:21:14 GMT" time="14.906" errors="0">
  <testcase name="exceptionIFcondition" time="14.906" classname="Pack2.Exception_IFConditionVJ"/>
</testsuite> <!-- Pack2.Exception_IFConditionVJ -->
